2018.03.16 15:54:27 INFO  es[][o.e.n.Node] initializing ...
2018.03.16 15:54:27 INFO  es[][o.e.e.NodeEnvironment] using [1] data paths, mounts [[/ (/dev/mapper/ubuntu--vg-root)]], net usable_space [800.7gb], net total_space [908gb], spins? [possibly], types [ext4]
2018.03.16 15:54:27 INFO  es[][o.e.e.NodeEnvironment] heap size [494.9mb], compressed ordinary object pointers [true]
2018.03.16 15:54:27 INFO  es[][o.e.n.Node] node name [sonarqube], node ID [cRGxzF2WRPSp_kGXh2dO1g]
2018.03.16 15:54:27 INFO  es[][o.e.n.Node] version[5.6.3], pid[15589], build[1a2f265/2017-10-06T20:33:39.012Z], OS[Linux/4.4.0-112-generic/amd64], JVM[Oracle Corporation/Java HotSpot(TM) 64-Bit Server VM/1.8.0_161/25.161-b12]
2018.03.16 15:54:27 INFO  es[][o.e.n.Node] JVM arguments [-XX:+UseConcMarkSweepGC, -XX:CMSInitiatingOccupancyFraction=75, -XX:+UseCMSInitiatingOccupancyOnly, -XX:+AlwaysPreTouch, -Xss1m, -Djava.awt.headless=true, -Dfile.encoding=UTF-8, -Djna.nosys=true, -Djdk.io.permissionsUseCanonicalPath=true, -Dio.netty.noUnsafe=true, -Dio.netty.noKeySetOptimization=true, -Dio.netty.recycler.maxCapacityPerThread=0, -Dlog4j.shutdownHookEnabled=false, -Dlog4j2.disable.jmx=true, -Dlog4j.skipJansi=true, -Xms512m, -Xmx512m, -XX:+HeapDumpOnOutOfMemoryError, -Des.path.home=/home/douae/Téléchargements/sonarqube-6.7/elasticsearch]
2018.03.16 15:54:27 INFO  es[][o.e.p.PluginsService] loaded module [aggs-matrix-stats]
2018.03.16 15:54:27 INFO  es[][o.e.p.PluginsService] loaded module [ingest-common]
2018.03.16 15:54:27 INFO  es[][o.e.p.PluginsService] loaded module [parent-join]
2018.03.16 15:54:27 INFO  es[][o.e.p.PluginsService] loaded module [percolator]
2018.03.16 15:54:27 INFO  es[][o.e.p.PluginsService] loaded module [reindex]
2018.03.16 15:54:27 INFO  es[][o.e.p.PluginsService] loaded module [transport-netty4]
2018.03.16 15:54:27 INFO  es[][o.e.p.PluginsService] no plugins loaded
2018.03.16 15:54:29 INFO  es[][o.e.d.DiscoveryModule] using discovery type [zen]
2018.03.16 15:54:29 INFO  es[][o.e.n.Node] initialized
2018.03.16 15:54:29 INFO  es[][o.e.n.Node] starting ...
2018.03.16 15:54:30 INFO  es[][o.e.t.TransportService] publish_address {127.0.0.1:9001}, bound_addresses {127.0.0.1:9001}
2018.03.16 15:54:30 WARN  es[][o.e.b.BootstrapChecks] max virtual memory areas vm.max_map_count [65530] is too low, increase to at least [262144]
2018.03.16 15:54:33 INFO  es[][o.e.c.s.ClusterService] new_master {sonarqube}{cRGxzF2WRPSp_kGXh2dO1g}{SqtyBnG-TWObe7amci4jHw}{127.0.0.1}{127.0.0.1:9001}{rack_id=sonarqube}, reason: zen-disco-elected-as-master ([0] nodes joined)
2018.03.16 15:54:33 INFO  es[][o.e.n.Node] started
2018.03.16 15:54:33 INFO  es[][o.e.g.GatewayService] recovered [0] indices into cluster_state
2018.03.16 15:54:44 INFO  es[][o.e.c.m.MetaDataCreateIndexService] [metadatas] creating index, cause [api], templates [], shards [1]/[0], mappings []
2018.03.16 15:54:45 INFO  es[][o.e.c.r.a.AllocationService] Cluster health status changed from [YELLOW] to [GREEN] (reason: [shards started [[metadatas][0]] ...]).
2018.03.16 15:54:45 INFO  es[][o.e.c.m.MetaDataMappingService] [metadatas/Tv-RwMoZTSmes8-nC_SOtA] create_mapping [metadata]
2018.03.16 15:54:46 INFO  es[][o.e.c.m.MetaDataCreateIndexService] [components] creating index, cause [api], templates [], shards [5]/[0], mappings []
2018.03.16 15:54:47 INFO  es[][o.e.c.r.a.AllocationService] Cluster health status changed from [YELLOW] to [GREEN] (reason: [shards started [[components][4]] ...]).
2018.03.16 15:54:48 INFO  es[][o.e.c.m.MetaDataMappingService] [components/W-nFCUjvTQakZzVi9TxB-A] create_mapping [component]
2018.03.16 15:54:48 INFO  es[][o.e.c.m.MetaDataMappingService] [components/W-nFCUjvTQakZzVi9TxB-A] create_mapping [authorization]
2018.03.16 15:54:48 INFO  es[][o.e.c.m.MetaDataCreateIndexService] [tests] creating index, cause [api], templates [], shards [5]/[0], mappings []
2018.03.16 15:54:50 INFO  es[][o.e.c.r.a.AllocationService] Cluster health status changed from [YELLOW] to [GREEN] (reason: [shards started [[tests][4]] ...]).
2018.03.16 15:54:50 INFO  es[][o.e.c.m.MetaDataMappingService] [tests/MnQifH_iSq2JRf_i2YiKlA] create_mapping [test]
2018.03.16 15:54:50 INFO  es[][o.e.c.m.MetaDataCreateIndexService] [projectmeasures] creating index, cause [api], templates [], shards [5]/[0], mappings []
2018.03.16 15:54:52 INFO  es[][o.e.c.r.a.AllocationService] Cluster health status changed from [YELLOW] to [GREEN] (reason: [shards started [[projectmeasures][4]] ...]).
2018.03.16 15:54:52 INFO  es[][o.e.c.m.MetaDataMappingService] [projectmeasures/w17Cc9DZR2GUL25DemhIeA] create_mapping [projectmeasure]
2018.03.16 15:54:52 INFO  es[][o.e.c.m.MetaDataMappingService] [projectmeasures/w17Cc9DZR2GUL25DemhIeA] create_mapping [authorization]
2018.03.16 15:54:53 INFO  es[][o.e.c.m.MetaDataCreateIndexService] [rules] creating index, cause [api], templates [], shards [2]/[0], mappings []
2018.03.16 15:54:53 INFO  es[][o.e.c.r.a.AllocationService] Cluster health status changed from [YELLOW] to [GREEN] (reason: [shards started [[rules][0]] ...]).
2018.03.16 15:54:53 INFO  es[][o.e.c.m.MetaDataMappingService] [rules/suqb2TUiQ3ionM7lMRCHWw] create_mapping [activeRule]
2018.03.16 15:54:54 INFO  es[][o.e.c.m.MetaDataMappingService] [rules/suqb2TUiQ3ionM7lMRCHWw] create_mapping [ruleExtension]
2018.03.16 15:54:54 INFO  es[][o.e.c.m.MetaDataMappingService] [rules/suqb2TUiQ3ionM7lMRCHWw] create_mapping [rule]
2018.03.16 15:54:54 INFO  es[][o.e.c.m.MetaDataCreateIndexService] [issues] creating index, cause [api], templates [], shards [5]/[0], mappings []
2018.03.16 15:54:56 INFO  es[][o.e.c.r.a.AllocationService] Cluster health status changed from [YELLOW] to [GREEN] (reason: [shards started [[issues][4]] ...]).
2018.03.16 15:54:56 INFO  es[][o.e.c.m.MetaDataMappingService] [issues/-EXjgjPuTberLRjPjiWTGQ] create_mapping [issue]
2018.03.16 15:54:56 INFO  es[][o.e.c.m.MetaDataMappingService] [issues/-EXjgjPuTberLRjPjiWTGQ] create_mapping [authorization]
2018.03.16 15:54:56 INFO  es[][o.e.c.m.MetaDataCreateIndexService] [users] creating index, cause [api], templates [], shards [1]/[0], mappings []
2018.03.16 15:54:57 INFO  es[][o.e.c.r.a.AllocationService] Cluster health status changed from [YELLOW] to [GREEN] (reason: [shards started [[users][0]] ...]).
2018.03.16 15:54:57 INFO  es[][o.e.c.m.MetaDataMappingService] [users/RwTe9V8VQwSSPPmp60qkbQ] create_mapping [user]
2018.03.16 15:54:57 INFO  es[][o.e.c.m.MetaDataCreateIndexService] [views] creating index, cause [api], templates [], shards [5]/[0], mappings []
2018.03.16 15:54:59 INFO  es[][o.e.c.r.a.AllocationService] Cluster health status changed from [YELLOW] to [GREEN] (reason: [shards started [[views][4]] ...]).
2018.03.16 15:54:59 INFO  es[][o.e.c.m.MetaDataMappingService] [views/uHYZW2KQTdCnWX3v77SaLw] create_mapping [view]
2018.03.16 15:55:22 INFO  es[][o.e.c.s.IndexScopedSettings] updating [index.refresh_interval] from [30s] to [-1]
2018.03.16 15:55:22 INFO  es[][o.e.c.s.IndexScopedSettings] updating [index.refresh_interval] from [30s] to [-1]
2018.03.16 15:55:23 INFO  es[][o.e.c.s.IndexScopedSettings] updating [index.refresh_interval] from [-1] to [30s]
2018.03.16 15:55:23 INFO  es[][o.e.c.s.IndexScopedSettings] updating [index.refresh_interval] from [-1] to [30s]
2018.03.16 15:55:24 INFO  es[][o.e.c.s.IndexScopedSettings] updating [index.refresh_interval] from [30s] to [-1]
2018.03.16 15:55:24 INFO  es[][o.e.c.s.IndexScopedSettings] updating [index.refresh_interval] from [30s] to [-1]
2018.03.16 15:55:24 INFO  es[][o.e.c.s.IndexScopedSettings] updating [index.refresh_interval] from [-1] to [30s]
2018.03.16 15:55:24 INFO  es[][o.e.c.s.IndexScopedSettings] updating [index.refresh_interval] from [-1] to [30s]
2018.03.16 16:07:44 INFO  es[][o.e.n.Node] stopping ...
2018.03.16 16:07:44 INFO  es[][o.e.n.Node] stopped
2018.03.16 16:07:44 INFO  es[][o.e.n.Node] closing ...
2018.03.16 16:07:44 INFO  es[][o.e.n.Node] closed
2018.03.16 16:10:21 INFO  es[][o.e.n.Node] initializing ...
2018.03.16 16:10:21 INFO  es[][o.e.e.NodeEnvironment] using [1] data paths, mounts [[/ (/dev/mapper/ubuntu--vg-root)]], net usable_space [800.3gb], net total_space [908gb], spins? [possibly], types [ext4]
2018.03.16 16:10:21 INFO  es[][o.e.e.NodeEnvironment] heap size [494.9mb], compressed ordinary object pointers [true]
2018.03.16 16:10:21 INFO  es[][o.e.n.Node] node name [sonarqube], node ID [cRGxzF2WRPSp_kGXh2dO1g]
2018.03.16 16:10:21 INFO  es[][o.e.n.Node] version[5.6.3], pid[16636], build[1a2f265/2017-10-06T20:33:39.012Z], OS[Linux/4.4.0-112-generic/amd64], JVM[Oracle Corporation/Java HotSpot(TM) 64-Bit Server VM/1.8.0_161/25.161-b12]
2018.03.16 16:10:21 INFO  es[][o.e.n.Node] JVM arguments [-XX:+UseConcMarkSweepGC, -XX:CMSInitiatingOccupancyFraction=75, -XX:+UseCMSInitiatingOccupancyOnly, -XX:+AlwaysPreTouch, -Xss1m, -Djava.awt.headless=true, -Dfile.encoding=UTF-8, -Djna.nosys=true, -Djdk.io.permissionsUseCanonicalPath=true, -Dio.netty.noUnsafe=true, -Dio.netty.noKeySetOptimization=true, -Dio.netty.recycler.maxCapacityPerThread=0, -Dlog4j.shutdownHookEnabled=false, -Dlog4j2.disable.jmx=true, -Dlog4j.skipJansi=true, -Xms512m, -Xmx512m, -XX:+HeapDumpOnOutOfMemoryError, -Des.path.home=/home/douae/platine-back/sonarqube-6.7/elasticsearch]
2018.03.16 16:10:21 INFO  es[][o.e.p.PluginsService] loaded module [aggs-matrix-stats]
2018.03.16 16:10:21 INFO  es[][o.e.p.PluginsService] loaded module [ingest-common]
2018.03.16 16:10:21 INFO  es[][o.e.p.PluginsService] loaded module [parent-join]
2018.03.16 16:10:21 INFO  es[][o.e.p.PluginsService] loaded module [percolator]
2018.03.16 16:10:21 INFO  es[][o.e.p.PluginsService] loaded module [reindex]
2018.03.16 16:10:21 INFO  es[][o.e.p.PluginsService] loaded module [transport-netty4]
2018.03.16 16:10:21 INFO  es[][o.e.p.PluginsService] no plugins loaded
2018.03.16 16:10:23 INFO  es[][o.e.d.DiscoveryModule] using discovery type [zen]
2018.03.16 16:10:24 INFO  es[][o.e.n.Node] initialized
2018.03.16 16:10:24 INFO  es[][o.e.n.Node] starting ...
2018.03.16 16:10:24 INFO  es[][o.e.t.TransportService] publish_address {127.0.0.1:9001}, bound_addresses {127.0.0.1:9001}
2018.03.16 16:10:24 WARN  es[][o.e.b.BootstrapChecks] max virtual memory areas vm.max_map_count [65530] is too low, increase to at least [262144]
2018.03.16 16:10:27 INFO  es[][o.e.c.s.ClusterService] new_master {sonarqube}{cRGxzF2WRPSp_kGXh2dO1g}{tVSX_rGRTSSYDJ3bEvY-5A}{127.0.0.1}{127.0.0.1:9001}{rack_id=sonarqube}, reason: zen-disco-elected-as-master ([0] nodes joined)
2018.03.16 16:10:27 INFO  es[][o.e.n.Node] started
2018.03.16 16:10:28 INFO  es[][o.e.g.GatewayService] recovered [8] indices into cluster_state
2018.03.16 16:10:37 INFO  es[][o.e.c.r.a.AllocationService] Cluster health status changed from [RED] to [GREEN] (reason: [shards started [[components][2], [components][0], [metadatas][0]] ...]).
2018.03.16 16:31:55 INFO  es[][o.e.n.Node] stopping ...
2018.03.16 16:31:55 INFO  es[][o.e.n.Node] stopped
2018.03.16 16:31:55 INFO  es[][o.e.n.Node] closing ...
2018.03.16 16:31:55 INFO  es[][o.e.n.Node] closed
2018.03.16 16:32:46 INFO  es[][o.e.n.Node] initializing ...
2018.03.16 16:32:47 INFO  es[][o.e.e.NodeEnvironment] using [1] data paths, mounts [[/ (/dev/mapper/ubuntu--vg-root)]], net usable_space [800.3gb], net total_space [908gb], spins? [possibly], types [ext4]
2018.03.16 16:32:47 INFO  es[][o.e.e.NodeEnvironment] heap size [494.9mb], compressed ordinary object pointers [true]
2018.03.16 16:32:47 INFO  es[][o.e.n.Node] node name [sonarqube], node ID [cRGxzF2WRPSp_kGXh2dO1g]
2018.03.16 16:32:47 INFO  es[][o.e.n.Node] version[5.6.3], pid[18406], build[1a2f265/2017-10-06T20:33:39.012Z], OS[Linux/4.4.0-112-generic/amd64], JVM[Oracle Corporation/Java HotSpot(TM) 64-Bit Server VM/1.8.0_161/25.161-b12]
2018.03.16 16:32:47 INFO  es[][o.e.n.Node] JVM arguments [-XX:+UseConcMarkSweepGC, -XX:CMSInitiatingOccupancyFraction=75, -XX:+UseCMSInitiatingOccupancyOnly, -XX:+AlwaysPreTouch, -Xss1m, -Djava.awt.headless=true, -Dfile.encoding=UTF-8, -Djna.nosys=true, -Djdk.io.permissionsUseCanonicalPath=true, -Dio.netty.noUnsafe=true, -Dio.netty.noKeySetOptimization=true, -Dio.netty.recycler.maxCapacityPerThread=0, -Dlog4j.shutdownHookEnabled=false, -Dlog4j2.disable.jmx=true, -Dlog4j.skipJansi=true, -Xms512m, -Xmx512m, -XX:+HeapDumpOnOutOfMemoryError, -Des.path.home=/home/douae/platine-back/sonarqube-6.7/elasticsearch]
2018.03.16 16:32:47 INFO  es[][o.e.p.PluginsService] loaded module [aggs-matrix-stats]
2018.03.16 16:32:47 INFO  es[][o.e.p.PluginsService] loaded module [ingest-common]
2018.03.16 16:32:47 INFO  es[][o.e.p.PluginsService] loaded module [parent-join]
2018.03.16 16:32:47 INFO  es[][o.e.p.PluginsService] loaded module [percolator]
2018.03.16 16:32:47 INFO  es[][o.e.p.PluginsService] loaded module [reindex]
2018.03.16 16:32:47 INFO  es[][o.e.p.PluginsService] loaded module [transport-netty4]
2018.03.16 16:32:47 INFO  es[][o.e.p.PluginsService] no plugins loaded
2018.03.16 16:32:49 INFO  es[][o.e.d.DiscoveryModule] using discovery type [zen]
2018.03.16 16:32:49 INFO  es[][o.e.n.Node] initialized
2018.03.16 16:32:49 INFO  es[][o.e.n.Node] starting ...
2018.03.16 16:32:49 INFO  es[][o.e.t.TransportService] publish_address {127.0.0.1:9001}, bound_addresses {127.0.0.1:9001}
2018.03.16 16:32:49 WARN  es[][o.e.b.BootstrapChecks] max virtual memory areas vm.max_map_count [65530] is too low, increase to at least [262144]
2018.03.16 16:32:52 INFO  es[][o.e.c.s.ClusterService] new_master {sonarqube}{cRGxzF2WRPSp_kGXh2dO1g}{bk5mfP6IQ5KuUaM8WmNAgg}{127.0.0.1}{127.0.0.1:9001}{rack_id=sonarqube}, reason: zen-disco-elected-as-master ([0] nodes joined)
2018.03.16 16:32:52 INFO  es[][o.e.n.Node] started
2018.03.16 16:32:53 INFO  es[][o.e.g.GatewayService] recovered [8] indices into cluster_state
2018.03.16 16:33:01 INFO  es[][o.e.c.r.a.AllocationService] Cluster health status changed from [RED] to [GREEN] (reason: [shards started [[components][1], [metadatas][0]] ...]).
