--> Wrapper Started as Daemon
Launching a JVM...
Wrapper (Version 3.2.3) http://wrapper.tanukisoftware.org
  Copyright 1999-2006 Tanuki Software, Inc.  All Rights Reserved.

2018.03.16 15:54:24 INFO  app[][o.s.a.AppFileSystem] Cleaning or creating temp directory /home/douae/Téléchargements/sonarqube-6.7/temp
2018.03.16 15:54:24 INFO  app[][o.s.a.es.EsSettings] Elasticsearch listening on /127.0.0.1:9001
2018.03.16 15:54:24 INFO  app[][o.s.a.p.ProcessLauncherImpl] Launch process[[key='es', ipcIndex=1, logFilenamePrefix=es]] from [/home/douae/Téléchargements/sonarqube-6.7/elasticsearch]: /home/douae/Téléchargements/sonarqube-6.7/elasticsearch/bin/elasticsearch -Epath.conf=/home/douae/Téléchargements/sonarqube-6.7/temp/conf/es
2018.03.16 15:54:24 INFO  app[][o.s.a.SchedulerImpl] Waiting for Elasticsearch to be up and running
2018.03.16 15:54:25 INFO  app[][o.e.p.PluginsService] no modules loaded
2018.03.16 15:54:25 INFO  app[][o.e.p.PluginsService] loaded plugin [org.elasticsearch.transport.Netty4Plugin]
2018.03.16 15:54:33 INFO  app[][o.s.a.SchedulerImpl] Process[es] is up
2018.03.16 15:54:33 INFO  app[][o.s.a.p.ProcessLauncherImpl] Launch process[[key='web', ipcIndex=2, logFilenamePrefix=web]] from [/home/douae/Téléchargements/sonarqube-6.7]: /usr/lib/jvm/java-8-oracle/jre/bin/java -Djava.awt.headless=true -Dfile.encoding=UTF-8 -Djava.io.tmpdir=/home/douae/Téléchargements/sonarqube-6.7/temp -Xmx512m -Xms128m -XX:+HeapDumpOnOutOfMemoryError -cp ./lib/common/*:./lib/server/*:/home/douae/Téléchargements/sonarqube-6.7/lib/jdbc/h2/h2-1.3.176.jar org.sonar.server.app.WebServer /home/douae/Téléchargements/sonarqube-6.7/temp/sq-process7420571990062003193properties
2018.03.16 15:55:26 INFO  app[][o.s.a.SchedulerImpl] Process[web] is up
2018.03.16 15:55:26 INFO  app[][o.s.a.p.ProcessLauncherImpl] Launch process[[key='ce', ipcIndex=3, logFilenamePrefix=ce]] from [/home/douae/Téléchargements/sonarqube-6.7]: /usr/lib/jvm/java-8-oracle/jre/bin/java -Djava.awt.headless=true -Dfile.encoding=UTF-8 -Djava.io.tmpdir=/home/douae/Téléchargements/sonarqube-6.7/temp -Xmx512m -Xms128m -XX:+HeapDumpOnOutOfMemoryError -cp ./lib/common/*:./lib/server/*:./lib/ce/*:/home/douae/Téléchargements/sonarqube-6.7/lib/jdbc/h2/h2-1.3.176.jar org.sonar.ce.app.CeServer /home/douae/Téléchargements/sonarqube-6.7/temp/sq-process8726691552358060025properties
2018.03.16 15:55:31 INFO  app[][o.s.a.SchedulerImpl] Process[ce] is up
2018.03.16 15:55:31 INFO  app[][o.s.a.SchedulerImpl] SonarQube is up
TERM trapped.  Shutting down.
2018.03.16 16:07:39 INFO  app[][o.s.a.SchedulerImpl] Stopping SonarQube
2018.03.16 16:07:41 INFO  app[][o.s.a.SchedulerImpl] Process [ce] is stopped
2018.03.16 16:07:44 INFO  app[][o.s.a.SchedulerImpl] Process [web] is stopped
2018.03.16 16:07:45 INFO  app[][o.s.a.SchedulerImpl] Process [es] is stopped
2018.03.16 16:07:45 WARN  app[][o.s.a.p.AbstractProcessMonitor] Process exited with exit value [es]: 143
2018.03.16 16:07:45 INFO  app[][o.s.a.SchedulerImpl] SonarQube is stopped
<-- Wrapper Stopped
--> Wrapper Started as Daemon
Launching a JVM...
Wrapper (Version 3.2.3) http://wrapper.tanukisoftware.org
  Copyright 1999-2006 Tanuki Software, Inc.  All Rights Reserved.

2018.03.16 16:10:18 INFO  app[][o.s.a.AppFileSystem] Cleaning or creating temp directory /home/douae/platine-back/sonarqube-6.7/temp
2018.03.16 16:10:19 INFO  app[][o.s.a.es.EsSettings] Elasticsearch listening on /127.0.0.1:9001
2018.03.16 16:10:19 INFO  app[][o.s.a.p.ProcessLauncherImpl] Launch process[[key='es', ipcIndex=1, logFilenamePrefix=es]] from [/home/douae/platine-back/sonarqube-6.7/elasticsearch]: /home/douae/platine-back/sonarqube-6.7/elasticsearch/bin/elasticsearch -Epath.conf=/home/douae/platine-back/sonarqube-6.7/temp/conf/es
2018.03.16 16:10:19 INFO  app[][o.s.a.SchedulerImpl] Waiting for Elasticsearch to be up and running
2018.03.16 16:10:19 INFO  app[][o.e.p.PluginsService] no modules loaded
2018.03.16 16:10:19 INFO  app[][o.e.p.PluginsService] loaded plugin [org.elasticsearch.transport.Netty4Plugin]
2018.03.16 16:10:37 INFO  app[][o.s.a.SchedulerImpl] Process[es] is up
2018.03.16 16:10:37 INFO  app[][o.s.a.p.ProcessLauncherImpl] Launch process[[key='web', ipcIndex=2, logFilenamePrefix=web]] from [/home/douae/platine-back/sonarqube-6.7]: /usr/lib/jvm/java-8-oracle/jre/bin/java -Djava.awt.headless=true -Dfile.encoding=UTF-8 -Djava.io.tmpdir=/home/douae/platine-back/sonarqube-6.7/temp -Xmx512m -Xms128m -XX:+HeapDumpOnOutOfMemoryError -cp ./lib/common/*:./lib/server/*:/home/douae/platine-back/sonarqube-6.7/lib/jdbc/h2/h2-1.3.176.jar org.sonar.server.app.WebServer /home/douae/platine-back/sonarqube-6.7/temp/sq-process6191198824674628604properties
2018.03.16 16:10:53 INFO  app[][o.s.a.SchedulerImpl] Process[web] is up
2018.03.16 16:10:53 INFO  app[][o.s.a.p.ProcessLauncherImpl] Launch process[[key='ce', ipcIndex=3, logFilenamePrefix=ce]] from [/home/douae/platine-back/sonarqube-6.7]: /usr/lib/jvm/java-8-oracle/jre/bin/java -Djava.awt.headless=true -Dfile.encoding=UTF-8 -Djava.io.tmpdir=/home/douae/platine-back/sonarqube-6.7/temp -Xmx512m -Xms128m -XX:+HeapDumpOnOutOfMemoryError -cp ./lib/common/*:./lib/server/*:./lib/ce/*:/home/douae/platine-back/sonarqube-6.7/lib/jdbc/h2/h2-1.3.176.jar org.sonar.ce.app.CeServer /home/douae/platine-back/sonarqube-6.7/temp/sq-process3337488009195711473properties
2018.03.16 16:10:57 INFO  app[][o.s.a.SchedulerImpl] Process[ce] is up
2018.03.16 16:10:57 INFO  app[][o.s.a.SchedulerImpl] SonarQube is up
TERM trapped.  Shutting down.
2018.03.16 16:31:49 INFO  app[][o.s.a.SchedulerImpl] Stopping SonarQube
2018.03.16 16:31:52 INFO  app[][o.s.a.SchedulerImpl] Process [ce] is stopped
2018.03.16 16:31:55 INFO  app[][o.s.a.SchedulerImpl] Process [web] is stopped
2018.03.16 16:31:55 INFO  app[][o.s.a.SchedulerImpl] Process [es] is stopped
2018.03.16 16:31:55 WARN  app[][o.s.a.p.AbstractProcessMonitor] Process exited with exit value [es]: 143
2018.03.16 16:31:55 INFO  app[][o.s.a.SchedulerImpl] SonarQube is stopped
<-- Wrapper Stopped
--> Wrapper Started as Daemon
Launching a JVM...
Wrapper (Version 3.2.3) http://wrapper.tanukisoftware.org
  Copyright 1999-2006 Tanuki Software, Inc.  All Rights Reserved.

2018.03.16 16:32:44 INFO  app[][o.s.a.AppFileSystem] Cleaning or creating temp directory /home/douae/platine-back/sonarqube-6.7/temp
2018.03.16 16:32:44 INFO  app[][o.s.a.es.EsSettings] Elasticsearch listening on /127.0.0.1:9001
2018.03.16 16:32:44 INFO  app[][o.s.a.p.ProcessLauncherImpl] Launch process[[key='es', ipcIndex=1, logFilenamePrefix=es]] from [/home/douae/platine-back/sonarqube-6.7/elasticsearch]: /home/douae/platine-back/sonarqube-6.7/elasticsearch/bin/elasticsearch -Epath.conf=/home/douae/platine-back/sonarqube-6.7/temp/conf/es
2018.03.16 16:32:44 INFO  app[][o.s.a.SchedulerImpl] Waiting for Elasticsearch to be up and running
2018.03.16 16:32:45 INFO  app[][o.e.p.PluginsService] no modules loaded
2018.03.16 16:32:45 INFO  app[][o.e.p.PluginsService] loaded plugin [org.elasticsearch.transport.Netty4Plugin]
2018.03.16 16:33:01 INFO  app[][o.s.a.SchedulerImpl] Process[es] is up
2018.03.16 16:33:01 INFO  app[][o.s.a.p.ProcessLauncherImpl] Launch process[[key='web', ipcIndex=2, logFilenamePrefix=web]] from [/home/douae/platine-back/sonarqube-6.7]: /usr/lib/jvm/java-8-oracle/jre/bin/java -Djava.awt.headless=true -Dfile.encoding=UTF-8 -Djava.io.tmpdir=/home/douae/platine-back/sonarqube-6.7/temp -Xmx512m -Xms128m -XX:+HeapDumpOnOutOfMemoryError -cp ./lib/common/*:./lib/server/*:/home/douae/platine-back/sonarqube-6.7/lib/jdbc/h2/h2-1.3.176.jar org.sonar.server.app.WebServer /home/douae/platine-back/sonarqube-6.7/temp/sq-process358710368883460346properties
2018.03.16 16:33:17 INFO  app[][o.s.a.SchedulerImpl] Process[web] is up
2018.03.16 16:33:17 INFO  app[][o.s.a.p.ProcessLauncherImpl] Launch process[[key='ce', ipcIndex=3, logFilenamePrefix=ce]] from [/home/douae/platine-back/sonarqube-6.7]: /usr/lib/jvm/java-8-oracle/jre/bin/java -Djava.awt.headless=true -Dfile.encoding=UTF-8 -Djava.io.tmpdir=/home/douae/platine-back/sonarqube-6.7/temp -Xmx512m -Xms128m -XX:+HeapDumpOnOutOfMemoryError -cp ./lib/common/*:./lib/server/*:./lib/ce/*:/home/douae/platine-back/sonarqube-6.7/lib/jdbc/h2/h2-1.3.176.jar org.sonar.ce.app.CeServer /home/douae/platine-back/sonarqube-6.7/temp/sq-process5984402829226629349properties
2018.03.16 16:33:21 INFO  app[][o.s.a.SchedulerImpl] Process[ce] is up
2018.03.16 16:33:21 INFO  app[][o.s.a.SchedulerImpl] SonarQube is up
