2018.03.16 15:54:33 INFO  web[][o.s.p.ProcessEntryPoint] Starting web
2018.03.16 15:54:35 INFO  web[][o.a.t.u.n.NioSelectorPool] Using a shared selector for servlet write/read
2018.03.16 15:54:36 INFO  web[][o.e.p.PluginsService] no modules loaded
2018.03.16 15:54:36 INFO  web[][o.e.p.PluginsService] loaded plugin [org.elasticsearch.index.reindex.ReindexPlugin]
2018.03.16 15:54:36 INFO  web[][o.e.p.PluginsService] loaded plugin [org.elasticsearch.join.ParentJoinPlugin]
2018.03.16 15:54:36 INFO  web[][o.e.p.PluginsService] loaded plugin [org.elasticsearch.percolator.PercolatorPlugin]
2018.03.16 15:54:36 INFO  web[][o.e.p.PluginsService] loaded plugin [org.elasticsearch.transport.Netty4Plugin]
2018.03.16 15:54:37 INFO  web[][o.s.s.e.EsClientProvider] Connected to local Elasticsearch: [127.0.0.1:9001]
2018.03.16 15:54:37 INFO  web[][o.s.s.p.LogServerVersion] SonarQube Server / 6.7.0.33306 / 5d031d9d2ac3f69b4b9bc600d50563b1886c7d8b
2018.03.16 15:54:38 INFO  web[][o.s.s.p.d.EmbeddedDatabase] Starting embedded database on port 9092 with url jdbc:h2:tcp://127.0.0.1:9092/sonar
2018.03.16 15:54:38 INFO  web[][o.s.s.p.d.EmbeddedDatabase] Embedded database started. Data stored in: /home/douae/Téléchargements/sonarqube-6.7/data
2018.03.16 15:54:38 INFO  web[][o.sonar.db.Database] Create JDBC data source for jdbc:h2:tcp://127.0.0.1:9092/sonar
2018.03.16 15:54:39 WARN  web[][o.s.d.DatabaseChecker] H2 database should be used for evaluation purpose only
2018.03.16 15:54:40 INFO  web[][o.s.s.p.ServerFileSystemImpl] SonarQube home: /home/douae/Téléchargements/sonarqube-6.7
2018.03.16 15:54:40 INFO  web[][o.s.s.u.SystemPasscodeImpl] System authentication by passcode is disabled
2018.03.16 15:54:40 INFO  web[][o.s.s.p.d.m.h.MigrationHistoryTableImpl] Creating table schema_migrations
2018.03.16 15:54:40 INFO  web[][o.s.s.p.ServerPluginRepository] Plugin SonarXML [xml] installed
2018.03.16 15:54:40 INFO  web[][o.s.s.p.ServerPluginRepository] Plugin SonarQube :: Plugins :: SCM :: Git [scmgit] installed
2018.03.16 15:54:40 INFO  web[][o.s.s.p.ServerPluginRepository] Plugin SonarTS [typescript] installed
2018.03.16 15:54:40 INFO  web[][o.s.s.p.ServerPluginRepository] Plugin SonarPHP [php] installed
2018.03.16 15:54:40 INFO  web[][o.s.s.p.ServerPluginRepository] Plugin SonarJS [javascript] installed
2018.03.16 15:54:40 INFO  web[][o.s.s.p.ServerPluginRepository] Plugin SonarJava [java] installed
2018.03.16 15:54:40 INFO  web[][o.s.s.p.ServerPluginRepository] Plugin SonarPython [python] installed
2018.03.16 15:54:40 INFO  web[][o.s.s.p.ServerPluginRepository] Plugin SonarQube :: Plugins :: SCM :: SVN [scmsvn] installed
2018.03.16 15:54:40 INFO  web[][o.s.s.p.ServerPluginRepository] Plugin SonarC# [csharp] installed
2018.03.16 15:54:40 INFO  web[][o.s.s.p.ServerPluginRepository] Plugin Flex [flex] installed
2018.03.16 15:54:40 INFO  web[][o.s.s.p.ServerPluginRepository] Deploy plugin Flex / 2.3 / 79167f762219bea1fd181ff5ef6ca4b34abd1675
2018.03.16 15:54:40 INFO  web[][o.s.s.p.ServerPluginRepository] Deploy plugin SonarC# / 6.5.0.3766 / 6011a1e9fb002edb044ae3092d92bcfb7d9d8a2d
2018.03.16 15:54:40 INFO  web[][o.s.s.p.ServerPluginRepository] Deploy plugin SonarJS / 3.2.0.5506 / 86da09565f891121df248835665f5d8ed98772b6
2018.03.16 15:54:40 INFO  web[][o.s.s.p.ServerPluginRepository] Deploy plugin SonarJava / 4.15.0.12310 / 572454b93016ec73a53fe0e07b2ffdc356d21ba9
2018.03.16 15:54:40 INFO  web[][o.s.s.p.ServerPluginRepository] Deploy plugin SonarPHP / 2.11.0.2485 / 741861a29e5f9a26c6c99c06268facb6c4f4a882
2018.03.16 15:54:40 INFO  web[][o.s.s.p.ServerPluginRepository] Deploy plugin SonarPython / 1.8.0.1496 / 3fe3bc4d0273a5721ea2fb368dc45b1bb82fede3
2018.03.16 15:54:40 INFO  web[][o.s.s.p.ServerPluginRepository] Deploy plugin SonarQube :: Plugins :: SCM :: Git / 1.3.0.869 / 4da53e3f9e55f4f2e5796625cb0c5768ed152079
2018.03.16 15:54:40 INFO  web[][o.s.s.p.ServerPluginRepository] Deploy plugin SonarQube :: Plugins :: SCM :: SVN / 1.6.0.860 / 2111fdbd1dddda4ad6d4ed6486fd0b18c1010d3b
2018.03.16 15:54:40 INFO  web[][o.s.s.p.ServerPluginRepository] Deploy plugin SonarTS / 1.1.0.1079 / 042c9e65239a47d92d305f9767f730b3cc1e5ed3
2018.03.16 15:54:40 INFO  web[][o.s.s.p.ServerPluginRepository] Deploy plugin SonarXML / 1.4.3.1027 / 39588245cecf538bb27be4e496ff303b0143d20b
2018.03.16 15:54:41 INFO  web[][o.s.s.p.d.m.AutoDbMigration] Automatically perform DB migration on fresh install
2018.03.16 15:54:41 INFO  web[][o.s.s.p.Platform] Database has been automatically updated
2018.03.16 15:54:41 INFO  web[][o.s.s.p.w.MasterServletFilter] Initializing servlet filter org.sonar.server.ws.WebServiceFilter@471ad271 [pattern=UrlPattern{inclusions=[/api/system/migrate_db/*, ...], exclusions=[/api/properties*, ...]}]
2018.03.16 15:54:41 INFO  web[][o.s.s.a.EmbeddedTomcat] HTTP connector enabled on port 9000
2018.03.16 15:54:43 INFO  web[][o.s.s.p.UpdateCenterClient] Update center: https://update.sonarsource.org/update-center.properties (no proxy)
2018.03.16 15:54:44 INFO  web[][o.s.s.e.IndexCreator] Create index metadatas
2018.03.16 15:54:45 INFO  web[][o.s.s.e.IndexCreator] Create type metadatas/metadata
2018.03.16 15:54:45 INFO  web[][o.s.s.e.IndexCreator] Create index components
2018.03.16 15:54:47 INFO  web[][o.s.s.e.IndexCreator] Create type components/component
2018.03.16 15:54:48 INFO  web[][o.s.s.e.IndexCreator] Create type components/authorization
2018.03.16 15:54:48 INFO  web[][o.s.s.e.IndexCreator] Create index tests
2018.03.16 15:54:50 INFO  web[][o.s.s.e.IndexCreator] Create type tests/test
2018.03.16 15:54:50 INFO  web[][o.s.s.e.IndexCreator] Create index projectmeasures
2018.03.16 15:54:52 INFO  web[][o.s.s.e.IndexCreator] Create type projectmeasures/projectmeasure
2018.03.16 15:54:52 INFO  web[][o.s.s.e.IndexCreator] Create type projectmeasures/authorization
2018.03.16 15:54:52 INFO  web[][o.s.s.e.IndexCreator] Create index rules
2018.03.16 15:54:53 INFO  web[][o.s.s.e.IndexCreator] Create type rules/activeRule
2018.03.16 15:54:54 INFO  web[][o.s.s.e.IndexCreator] Create type rules/ruleExtension
2018.03.16 15:54:54 INFO  web[][o.s.s.e.IndexCreator] Create type rules/rule
2018.03.16 15:54:54 INFO  web[][o.s.s.e.IndexCreator] Create index issues
2018.03.16 15:54:56 INFO  web[][o.s.s.e.IndexCreator] Create type issues/issue
2018.03.16 15:54:56 INFO  web[][o.s.s.e.IndexCreator] Create type issues/authorization
2018.03.16 15:54:56 INFO  web[][o.s.s.e.IndexCreator] Create index users
2018.03.16 15:54:57 INFO  web[][o.s.s.e.IndexCreator] Create type users/user
2018.03.16 15:54:57 INFO  web[][o.s.s.e.IndexCreator] Create index views
2018.03.16 15:54:59 INFO  web[][o.s.s.e.IndexCreator] Create type views/view
2018.03.16 15:54:59 INFO  web[][o.s.s.s.LogServerId] Server ID: AWIvTkYs_5UaD02ixn-K
2018.03.16 15:55:00 INFO  web[][o.s.s.t.TelemetryDaemon] Sharing of SonarQube statistics is enabled.
2018.03.16 15:55:00 INFO  web[][o.s.s.n.NotificationDaemon] Notification service started (delay 60 sec.)
2018.03.16 15:55:00 INFO  web[][o.s.s.s.GeneratePluginIndex] Generate scanner plugin index
2018.03.16 15:55:00 INFO  web[][o.s.s.s.RegisterPlugins] Register plugins
2018.03.16 15:55:00 INFO  web[][o.s.s.s.RegisterMetrics] Register metrics
2018.03.16 15:55:00 INFO  web[][o.s.s.r.RegisterRules] Register rules
2018.03.16 15:55:09 INFO  web[][o.s.s.q.BuiltInQProfileRepositoryImpl] Load quality profiles
2018.03.16 15:55:09 INFO  web[][o.s.s.q.RegisterQualityProfiles] Register quality profiles
2018.03.16 15:55:09 INFO  web[][o.s.s.q.RegisterQualityProfiles] Register profile cs/Sonar way
2018.03.16 15:55:10 INFO  web[][o.s.s.q.RegisterQualityProfiles] Register profile java/Sonar way
2018.03.16 15:55:11 INFO  web[][o.s.s.q.RegisterQualityProfiles] Register profile flex/Sonar way
2018.03.16 15:55:11 INFO  web[][o.s.s.q.RegisterQualityProfiles] Register profile xml/Sonar way
2018.03.16 15:55:11 INFO  web[][o.s.s.q.RegisterQualityProfiles] Register profile js/Sonar way Recommended
2018.03.16 15:55:11 INFO  web[][o.s.s.q.RegisterQualityProfiles] Register profile js/Sonar way
2018.03.16 15:55:11 INFO  web[][o.s.s.q.RegisterQualityProfiles] Register profile php/Sonar way
2018.03.16 15:55:12 INFO  web[][o.s.s.q.RegisterQualityProfiles] Register profile php/PSR-2
2018.03.16 15:55:12 INFO  web[][o.s.s.q.RegisterQualityProfiles] Register profile php/Drupal
2018.03.16 15:55:12 INFO  web[][o.s.s.q.RegisterQualityProfiles] Register profile py/Sonar way
2018.03.16 15:55:12 INFO  web[][o.s.s.q.RegisterQualityProfiles] Register profile ts/Sonar way
2018.03.16 15:55:14 INFO  web[][o.s.s.q.RegisterQualityProfiles] Register profile ts/Sonar way recommended
2018.03.16 15:55:14 INFO  web[][o.s.s.s.RegisterPermissionTemplates] Register permission templates
2018.03.16 15:55:14 INFO  web[][o.s.s.s.RenameDeprecatedPropertyKeys] Rename deprecated property keys
2018.03.16 15:55:14 INFO  web[][o.s.s.p.w.MasterServletFilter] Initializing servlet filter org.sonar.server.ws.WebServiceFilter@751e8346 [pattern=UrlPattern{inclusions=[/api/measures/component/*, ...], exclusions=[/api/properties*, ...]}]
2018.03.16 15:55:14 INFO  web[][o.s.s.p.w.MasterServletFilter] Initializing servlet filter org.sonar.server.ws.DeprecatedPropertiesWsFilter@7b250a53 [pattern=UrlPattern{inclusions=[/api/properties/*], exclusions=[]}]
2018.03.16 15:55:14 INFO  web[][o.s.s.p.w.MasterServletFilter] Initializing servlet filter org.sonar.server.ws.WebServiceReroutingFilter@6f303658 [pattern=UrlPattern{inclusions=[/api/components/bulk_update_key, ...], exclusions=[]}]
2018.03.16 15:55:14 INFO  web[][o.s.s.p.w.MasterServletFilter] Initializing servlet filter org.sonar.server.authentication.InitFilter@7f32d803 [pattern=UrlPattern{inclusions=[/sessions/init/*], exclusions=[]}]
2018.03.16 15:55:14 INFO  web[][o.s.s.p.w.MasterServletFilter] Initializing servlet filter org.sonar.server.authentication.OAuth2CallbackFilter@7e0422d7 [pattern=UrlPattern{inclusions=[/oauth2/callback/*], exclusions=[]}]
2018.03.16 15:55:14 INFO  web[][o.s.s.p.w.MasterServletFilter] Initializing servlet filter org.sonar.server.authentication.ws.LoginAction@de25202 [pattern=UrlPattern{inclusions=[/api/authentication/login], exclusions=[]}]
2018.03.16 15:55:14 INFO  web[][o.s.s.p.w.MasterServletFilter] Initializing servlet filter org.sonar.server.authentication.ws.LogoutAction@b6ef9c [pattern=UrlPattern{inclusions=[/api/authentication/logout], exclusions=[]}]
2018.03.16 15:55:14 INFO  web[][o.s.s.p.w.MasterServletFilter] Initializing servlet filter org.sonar.server.authentication.ws.ValidateAction@30ef4d68 [pattern=UrlPattern{inclusions=[/api/authentication/validate], exclusions=[]}]
2018.03.16 15:55:14 INFO  web[][o.s.s.e.IndexerStartupTask] Indexing of type [rules/activeRule] ...
2018.03.16 15:55:17 INFO  web[][o.s.s.e.IndexerStartupTask] Indexing of type [rules/activeRule] done | time=2995ms
2018.03.16 15:55:17 INFO  web[][o.s.s.e.IndexerStartupTask] Indexing of types [rules/ruleExtension],[rules/rule] ...
2018.03.16 15:55:22 INFO  web[][o.s.s.e.IndexerStartupTask] Indexing of types [rules/ruleExtension],[rules/rule] done | time=4677ms
2018.03.16 15:55:22 INFO  web[][o.s.s.e.IndexerStartupTask] Indexing of type [users/user] ...
2018.03.16 15:55:23 INFO  web[][o.s.s.e.IndexerStartupTask] Indexing of type [users/user] done | time=1310ms
2018.03.16 15:55:23 INFO  web[][o.s.s.e.IndexerStartupTask] Indexing of type [components/component] ...
2018.03.16 15:55:24 INFO  web[][o.s.s.e.IndexerStartupTask] Indexing of type [components/component] done | time=407ms
2018.03.16 15:55:24 INFO  web[][o.s.s.e.IndexerStartupTask] Indexing of type [views/view] ...
2018.03.16 15:55:24 INFO  web[][o.s.s.e.IndexerStartupTask] Indexing of type [views/view] done | time=323ms
2018.03.16 15:55:24 INFO  web[][o.s.s.e.IndexerStartupTask] Indexing of type [issues/issue] ...
2018.03.16 15:55:24 INFO  web[][o.s.s.e.IndexerStartupTask] Indexing of type [issues/issue] done | time=355ms
2018.03.16 15:55:24 INFO  web[][o.s.s.e.IndexerStartupTask] Indexing of types [components/authorization],[issues/authorization],[projectmeasures/authorization] ...
2018.03.16 15:55:25 INFO  web[][o.s.s.e.IndexerStartupTask] Indexing of types [components/authorization],[issues/authorization],[projectmeasures/authorization] done | time=312ms
2018.03.16 15:55:25 INFO  web[][o.s.s.e.IndexerStartupTask] Indexing of type [tests/test] ...
2018.03.16 15:55:25 INFO  web[][o.s.s.e.IndexerStartupTask] Indexing of type [tests/test] done | time=322ms
2018.03.16 15:55:25 INFO  web[][o.s.s.e.IndexerStartupTask] Indexing of type [projectmeasures/projectmeasure] ...
2018.03.16 15:55:25 INFO  web[][o.s.s.e.IndexerStartupTask] Indexing of type [projectmeasures/projectmeasure] done | time=379ms
2018.03.16 15:55:25 INFO  web[][o.s.s.p.Platform] WebServer is operational
2018.03.16 16:05:03 INFO  web[AWIvTvrsx57ZJtMrAAA1][o.s.u.c.UpdateCenter] The plugin 'csharp' version : 6.5.0.3766 has not been found on the update center.
2018.03.16 16:05:03 INFO  web[AWIvTvrsx57ZJtMrAAA1][o.s.u.c.UpdateCenter] The plugin 'java' version : 4.15.0.12310 has not been found on the update center.
2018.03.16 16:05:03 INFO  web[AWIvTvrsx57ZJtMrAAA1][o.s.u.c.UpdateCenter] The plugin 'javascript' version : 3.2.0.5506 has not been found on the update center.
2018.03.16 16:05:03 INFO  web[AWIvTvrsx57ZJtMrAAA1][o.s.u.c.UpdateCenter] The plugin 'php' version : 2.11.0.2485 has not been found on the update center.
2018.03.16 16:05:03 INFO  web[AWIvTvrsx57ZJtMrAAA1][o.s.u.c.UpdateCenter] The plugin 'python' version : 1.8.0.1496 has not been found on the update center.
2018.03.16 16:05:03 INFO  web[AWIvTvrsx57ZJtMrAAA1][o.s.u.c.UpdateCenter] The plugin 'scmgit' version : 1.3.0.869 has not been found on the update center.
2018.03.16 16:05:03 INFO  web[AWIvTvrsx57ZJtMrAAA1][o.s.u.c.UpdateCenter] The plugin 'scmsvn' version : 1.6.0.860 has not been found on the update center.
2018.03.16 16:05:03 INFO  web[AWIvTvrsx57ZJtMrAAA1][o.s.u.c.UpdateCenter] The plugin 'typescript' version : 1.1.0.1079 has not been found on the update center.
2018.03.16 16:05:03 INFO  web[AWIvTvrsx57ZJtMrAAA1][o.s.u.c.UpdateCenter] The plugin 'xml' version : 1.4.3.1027 has not been found on the update center.
2018.03.16 16:05:03 INFO  web[AWIvTvrsx57ZJtMrAAA1][o.s.u.c.UpdateCenter] The plugin 'csharp' version : 6.5.0.3766 has not been found on the update center.
2018.03.16 16:05:03 INFO  web[AWIvTvrsx57ZJtMrAAA1][o.s.u.c.UpdateCenter] The plugin 'java' version : 4.15.0.12310 has not been found on the update center.
2018.03.16 16:05:03 INFO  web[AWIvTvrsx57ZJtMrAAA1][o.s.u.c.UpdateCenter] The plugin 'javascript' version : 3.2.0.5506 has not been found on the update center.
2018.03.16 16:05:03 INFO  web[AWIvTvrsx57ZJtMrAAA1][o.s.u.c.UpdateCenter] The plugin 'php' version : 2.11.0.2485 has not been found on the update center.
2018.03.16 16:05:03 INFO  web[AWIvTvrsx57ZJtMrAAA1][o.s.u.c.UpdateCenter] The plugin 'python' version : 1.8.0.1496 has not been found on the update center.
2018.03.16 16:05:03 INFO  web[AWIvTvrsx57ZJtMrAAA1][o.s.u.c.UpdateCenter] The plugin 'scmgit' version : 1.3.0.869 has not been found on the update center.
2018.03.16 16:05:03 INFO  web[AWIvTvrsx57ZJtMrAAA1][o.s.u.c.UpdateCenter] The plugin 'scmsvn' version : 1.6.0.860 has not been found on the update center.
2018.03.16 16:05:03 INFO  web[AWIvTvrsx57ZJtMrAAA1][o.s.u.c.UpdateCenter] The plugin 'typescript' version : 1.1.0.1079 has not been found on the update center.
2018.03.16 16:05:03 INFO  web[AWIvTvrsx57ZJtMrAAA1][o.s.u.c.UpdateCenter] The plugin 'xml' version : 1.4.3.1027 has not been found on the update center.
2018.03.16 16:05:03 INFO  web[AWIvTvrsx57ZJtMrAAA1][o.s.u.c.UpdateCenter] The plugin 'csharp' version : 6.5.0.3766 has not been found on the update center.
2018.03.16 16:05:03 INFO  web[AWIvTvrsx57ZJtMrAAA1][o.s.u.c.UpdateCenter] The plugin 'java' version : 4.15.0.12310 has not been found on the update center.
2018.03.16 16:05:03 INFO  web[AWIvTvrsx57ZJtMrAAA1][o.s.u.c.UpdateCenter] The plugin 'javascript' version : 3.2.0.5506 has not been found on the update center.
2018.03.16 16:05:03 INFO  web[AWIvTvrsx57ZJtMrAAA1][o.s.u.c.UpdateCenter] The plugin 'php' version : 2.11.0.2485 has not been found on the update center.
2018.03.16 16:05:03 INFO  web[AWIvTvrsx57ZJtMrAAA1][o.s.u.c.UpdateCenter] The plugin 'python' version : 1.8.0.1496 has not been found on the update center.
2018.03.16 16:05:03 INFO  web[AWIvTvrsx57ZJtMrAAA1][o.s.u.c.UpdateCenter] The plugin 'scmgit' version : 1.3.0.869 has not been found on the update center.
2018.03.16 16:05:03 INFO  web[AWIvTvrsx57ZJtMrAAA1][o.s.u.c.UpdateCenter] The plugin 'scmsvn' version : 1.6.0.860 has not been found on the update center.
2018.03.16 16:05:03 INFO  web[AWIvTvrsx57ZJtMrAAA1][o.s.u.c.UpdateCenter] The plugin 'typescript' version : 1.1.0.1079 has not been found on the update center.
2018.03.16 16:05:03 INFO  web[AWIvTvrsx57ZJtMrAAA1][o.s.u.c.UpdateCenter] The plugin 'xml' version : 1.4.3.1027 has not been found on the update center.
2018.03.16 16:05:19 INFO  web[AWIvTvrsx57ZJtMrAAA8][o.s.u.c.UpdateCenter] The plugin 'csharp' version : 6.5.0.3766 has not been found on the update center.
2018.03.16 16:05:19 INFO  web[AWIvTvrsx57ZJtMrAAA8][o.s.u.c.UpdateCenter] The plugin 'java' version : 4.15.0.12310 has not been found on the update center.
2018.03.16 16:05:19 INFO  web[AWIvTvrsx57ZJtMrAAA8][o.s.u.c.UpdateCenter] The plugin 'javascript' version : 3.2.0.5506 has not been found on the update center.
2018.03.16 16:05:19 INFO  web[AWIvTvrsx57ZJtMrAAA8][o.s.u.c.UpdateCenter] The plugin 'php' version : 2.11.0.2485 has not been found on the update center.
2018.03.16 16:05:19 INFO  web[AWIvTvrsx57ZJtMrAAA8][o.s.u.c.UpdateCenter] The plugin 'python' version : 1.8.0.1496 has not been found on the update center.
2018.03.16 16:05:19 INFO  web[AWIvTvrsx57ZJtMrAAA8][o.s.u.c.UpdateCenter] The plugin 'scmgit' version : 1.3.0.869 has not been found on the update center.
2018.03.16 16:05:19 INFO  web[AWIvTvrsx57ZJtMrAAA8][o.s.u.c.UpdateCenter] The plugin 'scmsvn' version : 1.6.0.860 has not been found on the update center.
2018.03.16 16:05:19 INFO  web[AWIvTvrsx57ZJtMrAAA8][o.s.u.c.UpdateCenter] The plugin 'typescript' version : 1.1.0.1079 has not been found on the update center.
2018.03.16 16:05:19 INFO  web[AWIvTvrsx57ZJtMrAAA8][o.s.u.c.UpdateCenter] The plugin 'xml' version : 1.4.3.1027 has not been found on the update center.
2018.03.16 16:05:19 INFO  web[AWIvTvrsx57ZJtMrAAA8][o.s.u.c.UpdateCenter] The plugin 'csharp' version : 6.5.0.3766 has not been found on the update center.
2018.03.16 16:05:19 INFO  web[AWIvTvrsx57ZJtMrAAA8][o.s.u.c.UpdateCenter] The plugin 'java' version : 4.15.0.12310 has not been found on the update center.
2018.03.16 16:05:19 INFO  web[AWIvTvrsx57ZJtMrAAA8][o.s.u.c.UpdateCenter] The plugin 'javascript' version : 3.2.0.5506 has not been found on the update center.
2018.03.16 16:05:19 INFO  web[AWIvTvrsx57ZJtMrAAA8][o.s.u.c.UpdateCenter] The plugin 'php' version : 2.11.0.2485 has not been found on the update center.
2018.03.16 16:05:19 INFO  web[AWIvTvrsx57ZJtMrAAA8][o.s.u.c.UpdateCenter] The plugin 'python' version : 1.8.0.1496 has not been found on the update center.
2018.03.16 16:05:19 INFO  web[AWIvTvrsx57ZJtMrAAA8][o.s.u.c.UpdateCenter] The plugin 'scmgit' version : 1.3.0.869 has not been found on the update center.
2018.03.16 16:05:19 INFO  web[AWIvTvrsx57ZJtMrAAA8][o.s.u.c.UpdateCenter] The plugin 'scmsvn' version : 1.6.0.860 has not been found on the update center.
2018.03.16 16:05:19 INFO  web[AWIvTvrsx57ZJtMrAAA8][o.s.u.c.UpdateCenter] The plugin 'typescript' version : 1.1.0.1079 has not been found on the update center.
2018.03.16 16:05:19 INFO  web[AWIvTvrsx57ZJtMrAAA8][o.s.u.c.UpdateCenter] The plugin 'xml' version : 1.4.3.1027 has not been found on the update center.
2018.03.16 16:05:19 INFO  web[AWIvTvrsx57ZJtMrAAA8][o.s.u.c.UpdateCenter] The plugin 'csharp' version : 6.5.0.3766 has not been found on the update center.
2018.03.16 16:05:19 INFO  web[AWIvTvrsx57ZJtMrAAA8][o.s.u.c.UpdateCenter] The plugin 'java' version : 4.15.0.12310 has not been found on the update center.
2018.03.16 16:05:19 INFO  web[AWIvTvrsx57ZJtMrAAA8][o.s.u.c.UpdateCenter] The plugin 'javascript' version : 3.2.0.5506 has not been found on the update center.
2018.03.16 16:05:19 INFO  web[AWIvTvrsx57ZJtMrAAA8][o.s.u.c.UpdateCenter] The plugin 'php' version : 2.11.0.2485 has not been found on the update center.
2018.03.16 16:05:19 INFO  web[AWIvTvrsx57ZJtMrAAA8][o.s.u.c.UpdateCenter] The plugin 'python' version : 1.8.0.1496 has not been found on the update center.
2018.03.16 16:05:19 INFO  web[AWIvTvrsx57ZJtMrAAA8][o.s.u.c.UpdateCenter] The plugin 'scmgit' version : 1.3.0.869 has not been found on the update center.
2018.03.16 16:05:19 INFO  web[AWIvTvrsx57ZJtMrAAA8][o.s.u.c.UpdateCenter] The plugin 'scmsvn' version : 1.6.0.860 has not been found on the update center.
2018.03.16 16:05:19 INFO  web[AWIvTvrsx57ZJtMrAAA8][o.s.u.c.UpdateCenter] The plugin 'typescript' version : 1.1.0.1079 has not been found on the update center.
2018.03.16 16:05:19 INFO  web[AWIvTvrsx57ZJtMrAAA8][o.s.u.c.UpdateCenter] The plugin 'xml' version : 1.4.3.1027 has not been found on the update center.
2018.03.16 16:07:41 INFO  web[][o.s.p.StopWatcher] Stopping process
2018.03.16 16:10:37 INFO  web[][o.s.p.ProcessEntryPoint] Starting web
2018.03.16 16:10:38 INFO  web[][o.a.t.u.n.NioSelectorPool] Using a shared selector for servlet write/read
2018.03.16 16:10:39 INFO  web[][o.e.p.PluginsService] no modules loaded
2018.03.16 16:10:39 INFO  web[][o.e.p.PluginsService] loaded plugin [org.elasticsearch.index.reindex.ReindexPlugin]
2018.03.16 16:10:39 INFO  web[][o.e.p.PluginsService] loaded plugin [org.elasticsearch.join.ParentJoinPlugin]
2018.03.16 16:10:39 INFO  web[][o.e.p.PluginsService] loaded plugin [org.elasticsearch.percolator.PercolatorPlugin]
2018.03.16 16:10:39 INFO  web[][o.e.p.PluginsService] loaded plugin [org.elasticsearch.transport.Netty4Plugin]
2018.03.16 16:10:40 INFO  web[][o.s.s.e.EsClientProvider] Connected to local Elasticsearch: [127.0.0.1:9001]
2018.03.16 16:10:40 INFO  web[][o.s.s.p.LogServerVersion] SonarQube Server / 6.7.0.33306 / 5d031d9d2ac3f69b4b9bc600d50563b1886c7d8b
2018.03.16 16:10:41 INFO  web[][o.s.s.p.d.EmbeddedDatabase] Starting embedded database on port 9092 with url jdbc:h2:tcp://127.0.0.1:9092/sonar
2018.03.16 16:10:41 INFO  web[][o.s.s.p.d.EmbeddedDatabase] Embedded database started. Data stored in: /home/douae/platine-back/sonarqube-6.7/data
2018.03.16 16:10:41 INFO  web[][o.sonar.db.Database] Create JDBC data source for jdbc:h2:tcp://127.0.0.1:9092/sonar
2018.03.16 16:10:42 WARN  web[][o.s.d.DatabaseChecker] H2 database should be used for evaluation purpose only
2018.03.16 16:10:42 INFO  web[][o.s.s.p.ServerFileSystemImpl] SonarQube home: /home/douae/platine-back/sonarqube-6.7
2018.03.16 16:10:42 INFO  web[][o.s.s.u.SystemPasscodeImpl] System authentication by passcode is disabled
2018.03.16 16:10:43 INFO  web[][o.s.s.p.ServerPluginRepository] Deploy plugin Flex / 2.3 / 79167f762219bea1fd181ff5ef6ca4b34abd1675
2018.03.16 16:10:43 INFO  web[][o.s.s.p.ServerPluginRepository] Deploy plugin SonarC# / 6.5.0.3766 / 6011a1e9fb002edb044ae3092d92bcfb7d9d8a2d
2018.03.16 16:10:43 INFO  web[][o.s.s.p.ServerPluginRepository] Deploy plugin SonarJS / 3.2.0.5506 / 86da09565f891121df248835665f5d8ed98772b6
2018.03.16 16:10:43 INFO  web[][o.s.s.p.ServerPluginRepository] Deploy plugin SonarJava / 4.15.0.12310 / 572454b93016ec73a53fe0e07b2ffdc356d21ba9
2018.03.16 16:10:43 INFO  web[][o.s.s.p.ServerPluginRepository] Deploy plugin SonarPHP / 2.11.0.2485 / 741861a29e5f9a26c6c99c06268facb6c4f4a882
2018.03.16 16:10:43 INFO  web[][o.s.s.p.ServerPluginRepository] Deploy plugin SonarPython / 1.8.0.1496 / 3fe3bc4d0273a5721ea2fb368dc45b1bb82fede3
2018.03.16 16:10:43 INFO  web[][o.s.s.p.ServerPluginRepository] Deploy plugin SonarQube :: Plugins :: SCM :: Git / 1.3.0.869 / 4da53e3f9e55f4f2e5796625cb0c5768ed152079
2018.03.16 16:10:43 INFO  web[][o.s.s.p.ServerPluginRepository] Deploy plugin SonarQube :: Plugins :: SCM :: SVN / 1.6.0.860 / 2111fdbd1dddda4ad6d4ed6486fd0b18c1010d3b
2018.03.16 16:10:43 INFO  web[][o.s.s.p.ServerPluginRepository] Deploy plugin SonarTS / 1.1.0.1079 / 042c9e65239a47d92d305f9767f730b3cc1e5ed3
2018.03.16 16:10:43 INFO  web[][o.s.s.p.ServerPluginRepository] Deploy plugin SonarXML / 1.4.3.1027 / 39588245cecf538bb27be4e496ff303b0143d20b
2018.03.16 16:10:43 INFO  web[][o.s.s.p.w.MasterServletFilter] Initializing servlet filter org.sonar.server.ws.WebServiceFilter@661c4190 [pattern=UrlPattern{inclusions=[/api/system/migrate_db/*, ...], exclusions=[/api/properties*, ...]}]
2018.03.16 16:10:43 INFO  web[][o.s.s.a.EmbeddedTomcat] HTTP connector enabled on port 9000
2018.03.16 16:10:45 INFO  web[][o.s.s.p.UpdateCenterClient] Update center: https://update.sonarsource.org/update-center.properties (no proxy)
2018.03.16 16:10:46 INFO  web[][o.s.s.s.LogServerId] Server ID: AWIvTkYs_5UaD02ixn-K
2018.03.16 16:10:46 INFO  web[][o.s.s.t.TelemetryDaemon] Sharing of SonarQube statistics is enabled.
2018.03.16 16:10:46 INFO  web[][o.s.s.n.NotificationDaemon] Notification service started (delay 60 sec.)
2018.03.16 16:10:46 INFO  web[][o.s.s.s.GeneratePluginIndex] Generate scanner plugin index
2018.03.16 16:10:47 INFO  web[][o.s.s.s.RegisterPlugins] Register plugins
2018.03.16 16:10:47 INFO  web[][o.s.s.s.RegisterMetrics] Register metrics
2018.03.16 16:10:47 INFO  web[][o.s.s.r.RegisterRules] Register rules
2018.03.16 16:10:51 INFO  web[][o.s.s.q.BuiltInQProfileRepositoryImpl] Load quality profiles
2018.03.16 16:10:51 INFO  web[][o.s.s.q.RegisterQualityProfiles] Register quality profiles
2018.03.16 16:10:51 INFO  web[][o.s.s.q.RegisterQualityProfiles] Update profile cs/Sonar way
2018.03.16 16:10:51 INFO  web[][o.s.s.q.RegisterQualityProfiles] Update profile java/Sonar way
2018.03.16 16:10:52 INFO  web[][o.s.s.q.RegisterQualityProfiles] Update profile flex/Sonar way
2018.03.16 16:10:52 INFO  web[][o.s.s.q.RegisterQualityProfiles] Update profile xml/Sonar way
2018.03.16 16:10:52 INFO  web[][o.s.s.q.RegisterQualityProfiles] Update profile js/Sonar way Recommended
2018.03.16 16:10:52 INFO  web[][o.s.s.q.RegisterQualityProfiles] Update profile js/Sonar way
2018.03.16 16:10:52 INFO  web[][o.s.s.q.RegisterQualityProfiles] Update profile php/Sonar way
2018.03.16 16:10:52 INFO  web[][o.s.s.q.RegisterQualityProfiles] Update profile php/PSR-2
2018.03.16 16:10:52 INFO  web[][o.s.s.q.RegisterQualityProfiles] Update profile php/Drupal
2018.03.16 16:10:52 INFO  web[][o.s.s.q.RegisterQualityProfiles] Update profile py/Sonar way
2018.03.16 16:10:52 INFO  web[][o.s.s.q.RegisterQualityProfiles] Update profile ts/Sonar way
2018.03.16 16:10:52 INFO  web[][o.s.s.q.RegisterQualityProfiles] Update profile ts/Sonar way recommended
2018.03.16 16:10:52 INFO  web[][o.s.s.s.RegisterPermissionTemplates] Register permission templates
2018.03.16 16:10:52 INFO  web[][o.s.s.s.RenameDeprecatedPropertyKeys] Rename deprecated property keys
2018.03.16 16:10:52 INFO  web[][o.s.s.p.w.MasterServletFilter] Initializing servlet filter org.sonar.server.ws.WebServiceFilter@60f64662 [pattern=UrlPattern{inclusions=[/api/measures/component/*, ...], exclusions=[/api/properties*, ...]}]
2018.03.16 16:10:52 INFO  web[][o.s.s.p.w.MasterServletFilter] Initializing servlet filter org.sonar.server.ws.DeprecatedPropertiesWsFilter@77cf6396 [pattern=UrlPattern{inclusions=[/api/properties/*], exclusions=[]}]
2018.03.16 16:10:52 INFO  web[][o.s.s.p.w.MasterServletFilter] Initializing servlet filter org.sonar.server.ws.WebServiceReroutingFilter@7d9b01db [pattern=UrlPattern{inclusions=[/api/components/bulk_update_key, ...], exclusions=[]}]
2018.03.16 16:10:52 INFO  web[][o.s.s.p.w.MasterServletFilter] Initializing servlet filter org.sonar.server.authentication.InitFilter@6faa587d [pattern=UrlPattern{inclusions=[/sessions/init/*], exclusions=[]}]
2018.03.16 16:10:52 INFO  web[][o.s.s.p.w.MasterServletFilter] Initializing servlet filter org.sonar.server.authentication.OAuth2CallbackFilter@3a1f55c7 [pattern=UrlPattern{inclusions=[/oauth2/callback/*], exclusions=[]}]
2018.03.16 16:10:52 INFO  web[][o.s.s.p.w.MasterServletFilter] Initializing servlet filter org.sonar.server.authentication.ws.LoginAction@562fc57d [pattern=UrlPattern{inclusions=[/api/authentication/login], exclusions=[]}]
2018.03.16 16:10:52 INFO  web[][o.s.s.p.w.MasterServletFilter] Initializing servlet filter org.sonar.server.authentication.ws.LogoutAction@71c7718e [pattern=UrlPattern{inclusions=[/api/authentication/logout], exclusions=[]}]
2018.03.16 16:10:52 INFO  web[][o.s.s.p.w.MasterServletFilter] Initializing servlet filter org.sonar.server.authentication.ws.ValidateAction@6a2dd290 [pattern=UrlPattern{inclusions=[/api/authentication/validate], exclusions=[]}]
2018.03.16 16:10:53 INFO  web[][o.s.s.p.Platform] WebServer is operational
2018.03.16 16:31:52 INFO  web[][o.s.p.StopWatcher] Stopping process
2018.03.16 16:33:02 INFO  web[][o.s.p.ProcessEntryPoint] Starting web
2018.03.16 16:33:03 INFO  web[][o.a.t.u.n.NioSelectorPool] Using a shared selector for servlet write/read
2018.03.16 16:33:03 INFO  web[][o.e.p.PluginsService] no modules loaded
2018.03.16 16:33:03 INFO  web[][o.e.p.PluginsService] loaded plugin [org.elasticsearch.index.reindex.ReindexPlugin]
2018.03.16 16:33:03 INFO  web[][o.e.p.PluginsService] loaded plugin [org.elasticsearch.join.ParentJoinPlugin]
2018.03.16 16:33:03 INFO  web[][o.e.p.PluginsService] loaded plugin [org.elasticsearch.percolator.PercolatorPlugin]
2018.03.16 16:33:03 INFO  web[][o.e.p.PluginsService] loaded plugin [org.elasticsearch.transport.Netty4Plugin]
2018.03.16 16:33:05 INFO  web[][o.s.s.e.EsClientProvider] Connected to local Elasticsearch: [127.0.0.1:9001]
2018.03.16 16:33:05 INFO  web[][o.s.s.p.LogServerVersion] SonarQube Server / 6.7.0.33306 / 5d031d9d2ac3f69b4b9bc600d50563b1886c7d8b
2018.03.16 16:33:05 INFO  web[][o.s.s.p.d.EmbeddedDatabase] Starting embedded database on port 9092 with url jdbc:h2:tcp://127.0.0.1:9092/sonar
2018.03.16 16:33:05 INFO  web[][o.s.s.p.d.EmbeddedDatabase] Embedded database started. Data stored in: /home/douae/platine-back/sonarqube-6.7/data
2018.03.16 16:33:05 INFO  web[][o.sonar.db.Database] Create JDBC data source for jdbc:h2:tcp://127.0.0.1:9092/sonar
2018.03.16 16:33:06 WARN  web[][o.s.d.DatabaseChecker] H2 database should be used for evaluation purpose only
2018.03.16 16:33:07 INFO  web[][o.s.s.p.ServerFileSystemImpl] SonarQube home: /home/douae/platine-back/sonarqube-6.7
2018.03.16 16:33:07 INFO  web[][o.s.s.u.SystemPasscodeImpl] System authentication by passcode is disabled
2018.03.16 16:33:07 INFO  web[][o.s.s.p.ServerPluginRepository] Deploy plugin Flex / 2.3 / 79167f762219bea1fd181ff5ef6ca4b34abd1675
2018.03.16 16:33:07 INFO  web[][o.s.s.p.ServerPluginRepository] Deploy plugin SonarC# / 6.5.0.3766 / 6011a1e9fb002edb044ae3092d92bcfb7d9d8a2d
2018.03.16 16:33:07 INFO  web[][o.s.s.p.ServerPluginRepository] Deploy plugin SonarJS / 3.2.0.5506 / 86da09565f891121df248835665f5d8ed98772b6
2018.03.16 16:33:07 INFO  web[][o.s.s.p.ServerPluginRepository] Deploy plugin SonarJava / 4.15.0.12310 / 572454b93016ec73a53fe0e07b2ffdc356d21ba9
2018.03.16 16:33:07 INFO  web[][o.s.s.p.ServerPluginRepository] Deploy plugin SonarPHP / 2.11.0.2485 / 741861a29e5f9a26c6c99c06268facb6c4f4a882
2018.03.16 16:33:07 INFO  web[][o.s.s.p.ServerPluginRepository] Deploy plugin SonarPython / 1.8.0.1496 / 3fe3bc4d0273a5721ea2fb368dc45b1bb82fede3
2018.03.16 16:33:07 INFO  web[][o.s.s.p.ServerPluginRepository] Deploy plugin SonarQube :: Plugins :: SCM :: Git / 1.3.0.869 / 4da53e3f9e55f4f2e5796625cb0c5768ed152079
2018.03.16 16:33:07 INFO  web[][o.s.s.p.ServerPluginRepository] Deploy plugin SonarQube :: Plugins :: SCM :: SVN / 1.6.0.860 / 2111fdbd1dddda4ad6d4ed6486fd0b18c1010d3b
2018.03.16 16:33:07 INFO  web[][o.s.s.p.ServerPluginRepository] Deploy plugin SonarTS / 1.1.0.1079 / 042c9e65239a47d92d305f9767f730b3cc1e5ed3
2018.03.16 16:33:07 INFO  web[][o.s.s.p.ServerPluginRepository] Deploy plugin SonarXML / 1.4.3.1027 / 39588245cecf538bb27be4e496ff303b0143d20b
2018.03.16 16:33:08 INFO  web[][o.s.s.p.w.MasterServletFilter] Initializing servlet filter org.sonar.server.ws.WebServiceFilter@75259845 [pattern=UrlPattern{inclusions=[/api/system/migrate_db/*, ...], exclusions=[/api/properties*, ...]}]
2018.03.16 16:33:08 INFO  web[][o.s.s.a.EmbeddedTomcat] HTTP connector enabled on port 9000
2018.03.16 16:33:09 INFO  web[][o.s.s.p.UpdateCenterClient] Update center: https://update.sonarsource.org/update-center.properties (no proxy)
2018.03.16 16:33:10 INFO  web[][o.s.s.s.LogServerId] Server ID: AWIvTkYs_5UaD02ixn-K
2018.03.16 16:33:10 INFO  web[][o.s.s.t.TelemetryDaemon] Sharing of SonarQube statistics is enabled.
2018.03.16 16:33:10 INFO  web[][o.s.s.n.NotificationDaemon] Notification service started (delay 60 sec.)
2018.03.16 16:33:10 INFO  web[][o.s.s.s.GeneratePluginIndex] Generate scanner plugin index
2018.03.16 16:33:10 INFO  web[][o.s.s.s.RegisterPlugins] Register plugins
2018.03.16 16:33:10 INFO  web[][o.s.s.s.RegisterMetrics] Register metrics
2018.03.16 16:33:11 INFO  web[][o.s.s.r.RegisterRules] Register rules
2018.03.16 16:33:15 INFO  web[][o.s.s.q.BuiltInQProfileRepositoryImpl] Load quality profiles
2018.03.16 16:33:15 INFO  web[][o.s.s.q.RegisterQualityProfiles] Register quality profiles
2018.03.16 16:33:15 INFO  web[][o.s.s.q.RegisterQualityProfiles] Update profile cs/Sonar way
2018.03.16 16:33:15 INFO  web[][o.s.s.q.RegisterQualityProfiles] Update profile java/Sonar way
2018.03.16 16:33:16 INFO  web[][o.s.s.q.RegisterQualityProfiles] Update profile flex/Sonar way
2018.03.16 16:33:16 INFO  web[][o.s.s.q.RegisterQualityProfiles] Update profile xml/Sonar way
2018.03.16 16:33:16 INFO  web[][o.s.s.q.RegisterQualityProfiles] Update profile js/Sonar way Recommended
2018.03.16 16:33:16 INFO  web[][o.s.s.q.RegisterQualityProfiles] Update profile js/Sonar way
2018.03.16 16:33:16 INFO  web[][o.s.s.q.RegisterQualityProfiles] Update profile php/Sonar way
2018.03.16 16:33:16 INFO  web[][o.s.s.q.RegisterQualityProfiles] Update profile php/PSR-2
2018.03.16 16:33:16 INFO  web[][o.s.s.q.RegisterQualityProfiles] Update profile php/Drupal
2018.03.16 16:33:16 INFO  web[][o.s.s.q.RegisterQualityProfiles] Update profile py/Sonar way
2018.03.16 16:33:16 INFO  web[][o.s.s.q.RegisterQualityProfiles] Update profile ts/Sonar way
2018.03.16 16:33:16 INFO  web[][o.s.s.q.RegisterQualityProfiles] Update profile ts/Sonar way recommended
2018.03.16 16:33:16 INFO  web[][o.s.s.s.RegisterPermissionTemplates] Register permission templates
2018.03.16 16:33:16 INFO  web[][o.s.s.s.RenameDeprecatedPropertyKeys] Rename deprecated property keys
2018.03.16 16:33:16 INFO  web[][o.s.s.p.w.MasterServletFilter] Initializing servlet filter org.sonar.server.ws.WebServiceFilter@15e11718 [pattern=UrlPattern{inclusions=[/api/measures/component/*, ...], exclusions=[/api/properties*, ...]}]
2018.03.16 16:33:16 INFO  web[][o.s.s.p.w.MasterServletFilter] Initializing servlet filter org.sonar.server.ws.DeprecatedPropertiesWsFilter@47877245 [pattern=UrlPattern{inclusions=[/api/properties/*], exclusions=[]}]
2018.03.16 16:33:16 INFO  web[][o.s.s.p.w.MasterServletFilter] Initializing servlet filter org.sonar.server.ws.WebServiceReroutingFilter@79ebfde [pattern=UrlPattern{inclusions=[/api/components/bulk_update_key, ...], exclusions=[]}]
2018.03.16 16:33:16 INFO  web[][o.s.s.p.w.MasterServletFilter] Initializing servlet filter org.sonar.server.authentication.InitFilter@141c6186 [pattern=UrlPattern{inclusions=[/sessions/init/*], exclusions=[]}]
2018.03.16 16:33:16 INFO  web[][o.s.s.p.w.MasterServletFilter] Initializing servlet filter org.sonar.server.authentication.OAuth2CallbackFilter@30952a92 [pattern=UrlPattern{inclusions=[/oauth2/callback/*], exclusions=[]}]
2018.03.16 16:33:16 INFO  web[][o.s.s.p.w.MasterServletFilter] Initializing servlet filter org.sonar.server.authentication.ws.LoginAction@3c0f581 [pattern=UrlPattern{inclusions=[/api/authentication/login], exclusions=[]}]
2018.03.16 16:33:16 INFO  web[][o.s.s.p.w.MasterServletFilter] Initializing servlet filter org.sonar.server.authentication.ws.LogoutAction@600ff9bd [pattern=UrlPattern{inclusions=[/api/authentication/logout], exclusions=[]}]
2018.03.16 16:33:16 INFO  web[][o.s.s.p.w.MasterServletFilter] Initializing servlet filter org.sonar.server.authentication.ws.ValidateAction@2ddf3a1e [pattern=UrlPattern{inclusions=[/api/authentication/validate], exclusions=[]}]
2018.03.16 16:33:16 INFO  web[][o.s.s.p.Platform] WebServer is operational
